<?xml version="1.0" encoding="UTF-8"?>
<!-- Generated by org.testng.reporters.JUnitXMLReporter -->
<testsuite hostname="yp-tc-m-2551deMacBook-Air.local" name="Test1" tests="3" failures="0" timestamp="12 Sep 2020 14:15:45 GMT" time="1.873" errors="0">
  <testcase name="test1" time="0.713" classname="com.dmall.autotest.testscene.TestScheduling"/>
  <testcase name="test1" time="0.287" classname="com.dmall.autotest.testscene.TestScheduling"/>
  <testcase name="test2" time="0.18" classname="com.dmall.autotest.testscene.TestScheduling"/>
</testsuite> <!-- Test1 -->
