<?xml version="1.0" encoding="UTF-8"?>
<!-- Generated by org.testng.reporters.JUnitXMLReporter -->
<testsuite hostname="yp-tc-m-2551deMacBook-Air.local" name="Test12" tests="4" failures="0" timestamp="12 Sep 2020 14:15:57 GMT" time="1.408" errors="0">
  <testcase name="test0" time="0.163" classname="com.dmall.autotest.testscene.TestScheduling"/>
  <testcase name="test1" time="0.51" classname="com.dmall.autotest.testscene.TestScheduling"/>
  <testcase name="test1" time="0.519" classname="com.dmall.autotest.testscene.TestScheduling"/>
  <testcase name="test2" time="0.196" classname="com.dmall.autotest.testscene.TestScheduling"/>
</testsuite> <!-- Test12 -->
