<?xml version="1.0" encoding="UTF-8"?>
<!-- Generated by org.testng.reporters.JUnitXMLReporter -->
<testsuite hostname="yp-tc-m-2551deMacBook-Air.local" name="TestAB" tests="3" failures="0" timestamp="12 Sep 2020 14:12:01 GMT" time="0.178" errors="0">
  <testcase name="test0" time="0.048" classname="com.dmall.autotest.testscene.TestScheduling"/>
  <testcase name="test1" time="0.051" classname="com.dmall.autotest.testscene.TestScheduling"/>
  <testcase name="test2" time="0.054" classname="com.dmall.autotest.testscene.TestScheduling"/>
</testsuite> <!-- TestAB -->
