<?xml version="1.0" encoding="UTF-8"?>
<!-- Generated by org.testng.reporters.JUnitXMLReporter -->
<testsuite hostname="yp-tc-m-2551deMacBook-Air.local" name="TestPlan12" tests="3" failures="0" timestamp="12 Sep 2020 16:42:19 GMT" time="0.315" errors="0">
  <testcase name="test1" time="0.081" classname="com.dmall.autotest.testscene.TestSchedulingByCase"/>
  <testcase name="test2" time="0.093" classname="com.dmall.autotest.testscene.TestSchedulingByCase"/>
  <testcase name="test3" time="0.123" classname="com.dmall.autotest.testscene.TestSchedulingByCase"/>
</testsuite> <!-- TestPlan12 -->
